<?xml version="1.0" encoding="UTF-8"?>
<testng-results ignored="0" total="1" passed="1" failed="0" skipped="0">
  <reporter-output>
  </reporter-output>
  <suite started-at="2021-05-18T16:25:08 IST" name="Default suite" finished-at="2021-05-18T16:26:01 IST" duration-ms="52109">
    <groups>
    </groups>
    <test started-at="2021-05-18T16:25:08 IST" name="Default test" finished-at="2021-05-18T16:26:01 IST" duration-ms="52109">
      <class name="sensen.TS_2">
        <test-method signature="finalReviewValidation()[pri:0, instance:sensen.TS_2@78aab498]" started-at="2021-05-18T16:25:08 IST" name="finalReviewValidation" finished-at="2021-05-18T16:26:01 IST" duration-ms="52078" status="PASS">
          <reporter-output>
          </reporter-output>
        </test-method> <!-- finalReviewValidation -->
      </class> <!-- sensen.TS_2 -->
    </test> <!-- Default test -->
  </suite> <!-- Default suite -->
</testng-results>
